<?xml version="1.0" encoding="UTF-8"?>
<!-- Generated by org.testng.reporters.JUnitXMLReporter -->
<testsuite hostname="DESKTOP-HR7OA0S" name="UI Tests" tests="1" failures="1" timestamp="9 Mar 2016 08:35:27 GMT" time="0.022" errors="0">
  <testcase name="createInvoice" time="0.009" classname="tests.CreateInvoice">
    <failure type="java.lang.NullPointerException">
      <![CDATA[java.lang.NullPointerException
	at tests.CreateInvoice.createInvoice(CreateInvoice.java:28)
... Removed 24 stack frames]]>
    </failure>
  </testcase> <!-- createInvoice -->
</testsuite> <!-- UI Tests -->
