<?xml version="1.0" encoding="UTF-8"?>
<testng-results skipped="0" failed="0" total="1" passed="1">
  <reporter-output>
  </reporter-output>
  <suite name="Default suite" duration-ms="34753" started-at="2016-03-07T15:10:52Z" finished-at="2016-03-07T15:11:26Z">
    <groups>
    </groups>
    <test name="Default test" duration-ms="34753" started-at="2016-03-07T15:10:52Z" finished-at="2016-03-07T15:11:26Z">
      <class name="tests.CreateInvoice">
        <test-method status="PASS" signature="setup()[pri:0, instance:tests.CreateInvoice@1fbc7afb]" name="setup" is-config="true" duration-ms="9893" started-at="2016-03-07T17:10:52Z" finished-at="2016-03-07T17:11:02Z">
          <reporter-output>
          </reporter-output>
        </test-method> <!-- setup -->
        <test-method status="PASS" signature="createInvoice()[pri:0, instance:tests.CreateInvoice@1fbc7afb]" name="createInvoice" duration-ms="24850" started-at="2016-03-07T17:11:02Z" finished-at="2016-03-07T17:11:26Z">
          <reporter-output>
          </reporter-output>
        </test-method> <!-- createInvoice -->
      </class> <!-- tests.CreateInvoice -->
    </test> <!-- Default test -->
  </suite> <!-- Default suite -->
</testng-results>
